2025-06-26 06:53:58,801 - INFO - Starting state processing
2025-06-26 06:53:58,801 - INFO - Processing subfolder: NorthCarolina.Company1.2022
2025-06-26 06:53:58,829 - INFO - Processing STFCS_2025-06-24_1750786851721.pdf for SHARIF ALSTON
2025-06-26 06:53:59,798 - INFO - Processed: ALSTON_SHARIF_012006.pdf
2025-06-26 06:53:59,825 - INFO - Processing STFCS_2025-06-24_1750786887919.pdf for JONATHAN ANDINO
2025-06-26 06:54:01,445 - INFO - Processed: ANDINO_JONATHAN_206507.pdf
2025-06-26 06:54:01,468 - INFO - Processing STFCS_2025-06-24_1750786928918.pdf for JOSEPH AMICO
2025-06-26 06:54:03,099 - INFO - Processed: AMICO_JOSEPH_644384.pdf
2025-06-26 06:54:03,124 - INFO - Processing STFCS_2025-06-24_1750786992896.pdf for MARQUAN ANDERSON
2025-06-26 06:54:04,795 - INFO - Processed: ANDERSON_MARQUAN_471297.pdf
2025-06-26 06:54:04,819 - INFO - Processing STFCS_2025-06-24_1750787048954.pdf for BILAL ABDULLAH
2025-06-26 06:54:04,975 - INFO - Processed: ABDULLAH_BILAL_993196.pdf
2025-06-26 06:54:04,998 - INFO - Processing STFCS_2025-06-24_1750787120483.pdf for JOSE ALMANZAR
2025-06-26 06:54:05,861 - INFO - Processed: ALMANZAR_JOSE_892153.pdf
2025-06-26 06:54:05,887 - INFO - Processing STFCS_2025-06-24_1750787172645.pdf for JAYDEN ANGLETON
2025-06-26 06:54:07,764 - INFO - Processed: ANGLETON_JAYDEN_004372.pdf
2025-06-26 06:54:07,788 - INFO - Processing STFCS_2025-06-24_1750787227804.pdf for LUIS ARROYO
2025-06-26 06:54:09,867 - INFO - Processed: ARROYO_LUIS_357281.pdf
2025-06-26 06:54:09,892 - INFO - Processing STFCS_2025-06-24_1750787267396.pdf for TIMOTHY ALSTON
2025-06-26 06:54:11,018 - INFO - Processed: ALSTON_TIMOTHY_606105.pdf
2025-06-26 06:54:11,044 - INFO - Processing STFCS_2025-06-24_1750787305018.pdf for JAMAL ALSAYES
2025-06-26 06:54:11,994 - INFO - Processed: ALSAYES_JAMAL_984293.pdf
2025-06-26 06:54:12,020 - INFO - Processing STFCS_2025-06-24_1750787343672.pdf for AHMED ALI
2025-06-26 06:54:12,541 - INFO - Processed: ALI_AHMED_842423.pdf
2025-06-26 06:54:12,566 - INFO - Processing STFCS_2025-06-24_1750787393033.pdf for TREMAINE ALEXANDER
2025-06-26 06:54:12,799 - INFO - Processed: ALEXANDER_TREMAINE_940615.pdf
2025-06-26 06:54:12,824 - INFO - Processing STFCS_2025-06-24_1750787450352.pdf for TYSHAWN ALLEN
2025-06-26 06:54:13,617 - INFO - Processed: ALLEN_TYSHAWN_648665.pdf
2025-06-26 06:54:13,644 - INFO - Processing STFCS_2025-06-24_1750787507484.pdf for MICHAEL AMUSO
2025-06-26 06:54:15,197 - INFO - Processed: AMUSO_MICHAEL_528246.pdf
2025-06-26 06:54:15,224 - INFO - Processing STFCS_2025-06-24_1750787580136.pdf for JOHN APUZZIE
2025-06-26 06:54:17,182 - INFO - Processed: APUZZIE_JOHN_195881.pdf
2025-06-26 06:54:17,205 - INFO - Processing STFCS_2025-06-24_1750787620516.pdf for WILLIE ALEXANDER
2025-06-26 06:54:17,511 - INFO - Processed: ALEXANDER_WILLIE_256419.pdf
2025-06-26 06:54:17,535 - INFO - Processing STFCS_2025-06-24_1750787675856.pdf for STEVEN ALTRUZ
2025-06-26 06:54:18,782 - INFO - Processed: ALTRUZ_STEVEN_282872.pdf
2025-06-26 06:54:18,805 - INFO - Processing STFCS_2025-06-24_1750787750420.pdf for ARTHUR ALLEN
2025-06-26 06:54:19,430 - INFO - Processed: ALLEN_ARTHUR_311705.pdf
2025-06-26 06:54:19,456 - INFO - Processing STFCS_2025-06-24_1750787806801.pdf for CHRISTOPHER ASHTON
2025-06-26 06:54:21,601 - INFO - Processed: ASHTON_CHRISTOPHER_517446.pdf
2025-06-26 06:54:21,627 - INFO - Processing STFCS_2025-06-24_1750787850135.pdf for JONATHAN ALFONSO
2025-06-26 06:54:22,048 - INFO - Processed: ALFONSO_JONATHAN_799112.pdf
2025-06-26 06:54:22,074 - INFO - Processing STFCS_2025-06-24_1750787904306.pdf for CHARLES ANNIS
2025-06-26 06:54:23,961 - INFO - Processed: ANNIS_CHARLES_188737.pdf
2025-06-26 06:54:23,987 - INFO - Processing STFCS_2025-06-24_1750787940682.pdf for NUGENE AMBERS
2025-06-26 06:54:25,388 - INFO - Processed: AMBERS_NUGENE_872831.pdf
2025-06-26 06:54:25,415 - INFO - Processing STFCS_2025-06-24_1750787985759.pdf for KRYSTAL ALLEN
2025-06-26 06:54:26,092 - INFO - Processed: ALLEN_KRYSTAL_298940.pdf
2025-06-26 06:54:26,118 - INFO - Processing STFCS_2025-06-24_1750788049144.pdf for ADAN ALVAREZ
2025-06-26 06:54:27,405 - INFO - Processed: ALVAREZ_ADAN_095034.pdf
2025-06-26 06:54:27,405 - INFO - Processing subfolder: NorthCarolina.Company10.2022
2025-06-26 06:54:27,431 - INFO - Processing STFCS_2025-06-25_1750871697163.pdf for ERIC ALMONTE
2025-06-26 06:54:29,470 - WARNING - No matching W2 found for ERIC ALMONTE in NorthCarolina.Company1.2022.pdf
2025-06-26 06:54:29,492 - INFO - Processing STFCS_2025-06-25_1750871760617.pdf for MICHAEL ALLICK
2025-06-26 06:54:31,654 - WARNING - No matching W2 found for MICHAEL ALLICK in NorthCarolina.Company1.2022.pdf
2025-06-26 06:54:31,680 - INFO - Processing STFCS_2025-06-25_1750871819683.pdf for AHMED ALSHAMI
2025-06-26 06:54:33,747 - WARNING - No matching W2 found for AHMED ALSHAMI in NorthCarolina.Company1.2022.pdf
2025-06-26 06:54:33,772 - INFO - Processing STFCS_2025-06-25_1750871866860.pdf for JEFFREY ANDERSON
2025-06-26 06:54:35,843 - WARNING - No matching W2 found for JEFFREY ANDERSON in NorthCarolina.Company1.2022.pdf
2025-06-26 06:54:35,867 - INFO - Processing STFCS_2025-06-25_1750871913580.pdf for CHRISTOPHER ANDERSON
2025-06-26 06:54:37,996 - WARNING - No matching W2 found for CHRISTOPHER ANDERSON in NorthCarolina.Company1.2022.pdf
2025-06-26 06:54:38,022 - INFO - Processing STFCS_2025-06-25_1750871955643.pdf for JASON ANHORN
2025-06-26 06:54:40,159 - WARNING - No matching W2 found for JASON ANHORN in NorthCarolina.Company1.2022.pdf
2025-06-26 06:54:40,185 - INFO - Processing STFCS_2025-06-25_1750872012292.pdf for MAURICE ANTHONY
2025-06-26 06:54:42,336 - WARNING - No matching W2 found for MAURICE ANTHONY in NorthCarolina.Company1.2022.pdf
2025-06-26 06:54:42,362 - INFO - Processing STFCS_2025-06-25_1750872075007.pdf for FREDERICK ANTILL
2025-06-26 06:54:44,499 - WARNING - No matching W2 found for FREDERICK ANTILL in NorthCarolina.Company1.2022.pdf
2025-06-26 06:54:44,525 - INFO - Processing STFCS_2025-06-25_1750872130545.pdf for PETER AMMONDOLA
2025-06-26 06:54:46,597 - WARNING - No matching W2 found for PETER AMMONDOLA in NorthCarolina.Company1.2022.pdf
2025-06-26 06:54:46,621 - INFO - Processing STFCS_2025-06-25_1750872170577.pdf for DAYSHAWN ALLEN
2025-06-26 06:54:48,805 - WARNING - No matching W2 found for DAYSHAWN ALLEN in NorthCarolina.Company1.2022.pdf
2025-06-26 06:54:48,828 - INFO - Processing STFCS_2025-06-25_1750872295348.pdf for JOHN ANZALONE
2025-06-26 06:54:50,958 - WARNING - No matching W2 found for JOHN ANZALONE in NorthCarolina.Company1.2022.pdf
2025-06-26 06:54:50,983 - INFO - Processing STFCS_2025-06-25_1750872340975.pdf for CESAR ASCARRUNZ
2025-06-26 06:54:53,105 - WARNING - No matching W2 found for CESAR ASCARRUNZ in NorthCarolina.Company1.2022.pdf
2025-06-26 06:54:53,131 - INFO - Processing STFCS_2025-06-25_1750872401571.pdf for CHAD AMO
2025-06-26 06:54:55,227 - WARNING - No matching W2 found for CHAD AMO in NorthCarolina.Company1.2022.pdf
2025-06-26 06:54:55,254 - INFO - Processing STFCS_2025-06-25_1750872455545.pdf for DANIEL ANDRE
2025-06-26 06:54:57,354 - WARNING - No matching W2 found for DANIEL ANDRE in NorthCarolina.Company1.2022.pdf
2025-06-26 06:54:57,379 - INFO - Processing STFCS_2025-06-25_1750872500803.pdf for ANDY ANDREWS
2025-06-26 06:54:59,434 - WARNING - No matching W2 found for ANDY ANDREWS in NorthCarolina.Company1.2022.pdf
2025-06-26 06:54:59,458 - INFO - Processing STFCS_2025-06-25_1750872559113.pdf for DENNIS ALVES
2025-06-26 06:55:01,614 - WARNING - No matching W2 found for DENNIS ALVES in NorthCarolina.Company1.2022.pdf
2025-06-26 06:55:01,639 - INFO - Processing STFCS_2025-06-25_1750872638015.pdf for DAWOOD ALMAWRI
2025-06-26 06:55:03,734 - WARNING - No matching W2 found for DAWOOD ALMAWRI in NorthCarolina.Company1.2022.pdf
2025-06-26 06:55:03,758 - INFO - Processing STFCS_2025-06-25_1750872685820.pdf for JAJA ALA
2025-06-26 06:55:05,860 - WARNING - No matching W2 found for JAJA ALA in NorthCarolina.Company1.2022.pdf
2025-06-26 06:55:05,884 - INFO - Processing STFCS_2025-06-25_1750872729831.pdf for COREY ARTHUR
2025-06-26 06:55:07,956 - WARNING - No matching W2 found for COREY ARTHUR in NorthCarolina.Company1.2022.pdf
2025-06-26 06:55:07,981 - INFO - Processing STFCS_2025-06-25_1750872835670.pdf for TERRENCE ANTHONY
2025-06-26 06:55:10,109 - WARNING - No matching W2 found for TERRENCE ANTHONY in NorthCarolina.Company1.2022.pdf
2025-06-26 06:55:10,135 - INFO - Processing STFCS_2025-06-25_1750872891146.pdf for LAMAR ANDERSON
2025-06-26 06:55:12,458 - WARNING - No matching W2 found for LAMAR ANDERSON in NorthCarolina.Company1.2022.pdf
2025-06-26 06:55:12,489 - INFO - Processing STFCS_2025-06-25_1750872970961.pdf for RAFAEL ANDINO
2025-06-26 06:55:15,212 - WARNING - No matching W2 found for RAFAEL ANDINO in NorthCarolina.Company1.2022.pdf
2025-06-26 06:55:15,240 - INFO - Processing STFCS_2025-06-25_1750873391403.pdf for ANTHONY ANDREWS
2025-06-26 06:55:17,615 - WARNING - No matching W2 found for ANTHONY ANDREWS in NorthCarolina.Company1.2022.pdf
2025-06-26 06:55:17,641 - INFO - Processing STFCS_2025-06-25_1750873486899.pdf for DAMEAN ATKINS
2025-06-26 06:55:20,192 - WARNING - No matching W2 found for DAMEAN ATKINS in NorthCarolina.Company1.2022.pdf
2025-06-26 06:55:20,218 - INFO - Processing STFCS_2025-06-25_1750873543427.pdf for JEROME ASHBY
2025-06-26 06:55:22,439 - WARNING - No matching W2 found for JEROME ASHBY in NorthCarolina.Company1.2022.pdf
2025-06-26 06:55:22,462 - INFO - Processing STFCS_2025-06-25_1750873598686.pdf for AMIN ABDULLAH
2025-06-26 06:55:25,068 - WARNING - No matching W2 found for AMIN ABDULLAH in NorthCarolina.Company1.2022.pdf
2025-06-26 06:55:25,095 - INFO - Processing STFCS_2025-06-25_1750873648012.pdf for AMGAD ABDALLA
2025-06-26 06:55:27,525 - WARNING - No matching W2 found for AMGAD ABDALLA in NorthCarolina.Company1.2022.pdf
2025-06-26 06:55:27,551 - INFO - Processing STFCS_2025-06-25_1750873704370.pdf for CASEY ARTHUR
2025-06-26 06:55:29,857 - WARNING - No matching W2 found for CASEY ARTHUR in NorthCarolina.Company1.2022.pdf
2025-06-26 06:55:29,877 - INFO - Processing STFCS_2025-06-25_1750873746728.pdf for CHRISTOPHER ARSENAULT
2025-06-26 06:55:31,982 - WARNING - No matching W2 found for CHRISTOPHER ARSENAULT in NorthCarolina.Company1.2022.pdf
2025-06-26 06:55:32,007 - INFO - Processing STFCS_2025-06-25_1750873794270.pdf for GREGORY AMMONDS
2025-06-26 06:55:34,200 - WARNING - No matching W2 found for GREGORY AMMONDS in NorthCarolina.Company1.2022.pdf
2025-06-26 06:55:34,227 - INFO - Processing STFCS_2025-06-25_1750873858933.pdf for WILLIAM ALLEN
2025-06-26 06:55:36,335 - WARNING - No matching W2 found for WILLIAM ALLEN in NorthCarolina.Company1.2022.pdf
2025-06-26 06:55:36,336 - INFO - Processing subfolder: NorthCarolina.Company2.2022
2025-06-26 06:55:36,361 - INFO - Processing STFCS_2025-06-25_1750845545851.pdf for BRANDIN ANDERSON
2025-06-26 06:55:38,569 - WARNING - No matching W2 found for BRANDIN ANDERSON in NorthCarolina.Company1.2022.pdf
2025-06-26 06:55:38,594 - INFO - Processing STFCS_2025-06-25_1750845597529.pdf for CRAIG ANDERSON
2025-06-26 06:55:40,775 - WARNING - No matching W2 found for CRAIG ANDERSON in NorthCarolina.Company1.2022.pdf
2025-06-26 06:55:40,800 - INFO - Processing STFCS_2025-06-25_1750845647433.pdf for DENNIS ALEX-HART
2025-06-26 06:55:43,007 - WARNING - No matching W2 found for DENNIS ALEX-HART in NorthCarolina.Company1.2022.pdf
2025-06-26 06:55:43,030 - INFO - Processing STFCS_2025-06-25_1750845715692.pdf for EYAL AMRANI
2025-06-26 06:55:45,133 - WARNING - No matching W2 found for EYAL AMRANI in NorthCarolina.Company1.2022.pdf
2025-06-26 06:55:45,152 - INFO - Processing STFCS_2025-06-25_1750845790938.pdf for ALEJANDRO GUTIERREZ
2025-06-26 06:55:47,382 - WARNING - No matching W2 found for ALEJANDRO GUTIERREZ in NorthCarolina.Company1.2022.pdf
2025-06-26 06:55:47,409 - INFO - Processing STFCS_2025-06-25_1750845834827.pdf for MICHAEL ATKINS
2025-06-26 06:55:49,434 - WARNING - No matching W2 found for MICHAEL ATKINS in NorthCarolina.Company1.2022.pdf
2025-06-26 06:55:49,462 - INFO - Processing STFCS_2025-06-25_1750845883688.pdf for HECTOR ALVAREZ
2025-06-26 06:55:51,633 - WARNING - No matching W2 found for HECTOR ALVAREZ in NorthCarolina.Company1.2022.pdf
2025-06-26 06:55:51,656 - INFO - Processing STFCS_2025-06-25_1750846014100.pdf for ALFREDO APONTE
2025-06-26 06:55:53,884 - WARNING - No matching W2 found for ALFREDO APONTE in NorthCarolina.Company1.2022.pdf
2025-06-26 06:55:53,908 - INFO - Processing STFCS_2025-06-25_1750846082732.pdf for MATHEW ANDERSON
2025-06-26 06:55:56,046 - WARNING - No matching W2 found for MATHEW ANDERSON in NorthCarolina.Company1.2022.pdf
2025-06-26 06:55:56,071 - INFO - Processing STFCS_2025-06-25_1750846123297.pdf for WILLIAM ALEXANDER
2025-06-26 06:55:58,305 - WARNING - No matching W2 found for WILLIAM ALEXANDER in NorthCarolina.Company1.2022.pdf
2025-06-26 06:55:58,329 - INFO - Processing STFCS_2025-06-25_1750846173146.pdf for NELSON ALVAREZ
2025-06-26 06:56:00,516 - WARNING - No matching W2 found for NELSON ALVAREZ in NorthCarolina.Company1.2022.pdf
2025-06-26 06:56:00,542 - INFO - Processing STFCS_2025-06-25_1750846368713.pdf for DAVID ANDRE
2025-06-26 06:56:02,752 - WARNING - No matching W2 found for DAVID ANDRE in NorthCarolina.Company1.2022.pdf
2025-06-26 06:56:02,776 - INFO - Processing STFCS_2025-06-25_1750846479091.pdf for YERIX ALFARO
2025-06-26 06:56:04,908 - WARNING - No matching W2 found for YERIX ALFARO in NorthCarolina.Company1.2022.pdf
2025-06-26 06:56:04,933 - INFO - Processing STFCS_2025-06-25_1750846526951.pdf for CLARENCE ANDERSON
2025-06-26 06:56:07,027 - WARNING - No matching W2 found for CLARENCE ANDERSON in NorthCarolina.Company1.2022.pdf
2025-06-26 06:56:07,052 - INFO - Processing STFCS_2025-06-25_1750846584626.pdf for JUSTIN ARNOLD
2025-06-26 06:56:09,178 - WARNING - No matching W2 found for JUSTIN ARNOLD in NorthCarolina.Company1.2022.pdf
2025-06-26 06:56:09,204 - INFO - Processing STFCS_2025-06-25_1750846764935.pdf for NICHOLAS ANGELO
2025-06-26 06:56:11,323 - WARNING - No matching W2 found for NICHOLAS ANGELO in NorthCarolina.Company1.2022.pdf
2025-06-26 06:56:11,349 - INFO - Processing STFCS_2025-06-25_1750846803833.pdf for DAVID ASHBY
2025-06-26 06:56:13,528 - WARNING - No matching W2 found for DAVID ASHBY in NorthCarolina.Company1.2022.pdf
2025-06-26 06:56:13,557 - INFO - Processing STFCS_2025-06-25_1750846842519.pdf for YAQOOB ALGAHIM
2025-06-26 06:56:15,786 - WARNING - No matching W2 found for YAQOOB ALGAHIM in NorthCarolina.Company1.2022.pdf
2025-06-26 06:56:15,809 - INFO - Processing STFCS_2025-06-25_1750846880304.pdf for JOHN ANTHONY
2025-06-26 06:56:17,896 - WARNING - No matching W2 found for JOHN ANTHONY in NorthCarolina.Company1.2022.pdf
2025-06-26 06:56:17,925 - INFO - Processing STFCS_2025-06-25_1750846916615.pdf for DARION ALLS
2025-06-26 06:56:19,985 - WARNING - No matching W2 found for DARION ALLS in NorthCarolina.Company1.2022.pdf
2025-06-26 06:56:20,006 - INFO - Processing STFCS_2025-06-25_1750846955064.pdf for YAQIN ABDULLAH
2025-06-26 06:56:22,170 - WARNING - No matching W2 found for YAQIN ABDULLAH in NorthCarolina.Company1.2022.pdf
2025-06-26 06:56:22,196 - INFO - Processing STFCS_2025-06-25_1750846998177.pdf for NOAH ALESSI
2025-06-26 06:56:24,509 - WARNING - No matching W2 found for NOAH ALESSI in NorthCarolina.Company1.2022.pdf
2025-06-26 06:56:24,533 - INFO - Processing STFCS_2025-06-25_1750847065682.pdf for TERRY ABDULLAH
2025-06-26 06:56:26,753 - WARNING - No matching W2 found for TERRY ABDULLAH in NorthCarolina.Company1.2022.pdf
2025-06-26 06:56:26,780 - INFO - Processing STFCS_2025-06-25_1750847105399.pdf for BRYAN APONTE
2025-06-26 06:56:29,135 - WARNING - No matching W2 found for BRYAN APONTE in NorthCarolina.Company1.2022.pdf
2025-06-26 06:56:29,135 - INFO - Processing subfolder: NorthCarolina.Company3.2022
2025-06-26 06:56:29,164 - INFO - Processing STFCS_2025-06-25_1750847576929.pdf for JERECK ABRAMS
2025-06-26 06:56:31,296 - WARNING - No matching W2 found for JERECK ABRAMS in NorthCarolina.Company1.2022.pdf
2025-06-26 06:56:31,321 - INFO - Processing STFCS_2025-06-25_1750847638086.pdf for MATHEW ANGONA
2025-06-26 06:56:33,568 - WARNING - No matching W2 found for MATHEW ANGONA in NorthCarolina.Company1.2022.pdf
2025-06-26 06:56:33,595 - INFO - Processing STFCS_2025-06-25_1750847835916.pdf for EUGENE ASFOUR
2025-06-26 06:56:35,768 - WARNING - No matching W2 found for EUGENE ASFOUR in NorthCarolina.Company1.2022.pdf
2025-06-26 06:56:35,793 - INFO - Processing STFCS_2025-06-25_1750847890540.pdf for TRENTEN ARTERBERRY
2025-06-26 06:56:38,007 - WARNING - No matching W2 found for TRENTEN ARTERBERRY in NorthCarolina.Company1.2022.pdf
2025-06-26 06:56:38,036 - INFO - Processing STFCS_2025-06-25_1750848029340.pdf for JONATHAN AMIDON
2025-06-26 06:56:40,139 - WARNING - No matching W2 found for JONATHAN AMIDON in NorthCarolina.Company1.2022.pdf
2025-06-26 06:56:40,166 - INFO - Processing STFCS_2025-06-25_1750848527190.pdf for EDUARDO ALMONTE
2025-06-26 06:56:42,457 - WARNING - No matching W2 found for EDUARDO ALMONTE in NorthCarolina.Company1.2022.pdf
2025-06-26 06:56:42,485 - INFO - Processing STFCS_2025-06-25_1750848631404.pdf for RASHAD ALBERT-BROWN
2025-06-26 06:56:44,812 - WARNING - No matching W2 found for RASHAD ALBERT-BROWN in NorthCarolina.Company1.2022.pdf
2025-06-26 06:56:44,838 - INFO - Processing STFCS_2025-06-25_1750848726334.pdf for DEMEETREE ARTHUR
2025-06-26 06:57:50,419 - INFO - Starting federal processing
2025-06-26 06:58:03,117 - INFO - Federal processing complete
2025-06-26 06:58:03,117 - INFO - Starting state processing
2025-06-26 06:58:03,118 - INFO - Processing subfolder: NorthCarolina.Company1.2022
2025-06-26 06:58:03,147 - INFO - Processing STFCS_2025-06-24_1750786851721.pdf for SHARIF ALSTON
2025-06-26 06:58:04,287 - INFO - Processed: ALSTON_SHARIF_740492.pdf
2025-06-26 06:58:04,315 - INFO - Processing STFCS_2025-06-24_1750786887919.pdf for JONATHAN ANDINO
2025-06-26 06:58:06,172 - INFO - Processed: ANDINO_JONATHAN_340777.pdf
2025-06-26 06:58:06,198 - INFO - Processing STFCS_2025-06-24_1750786928918.pdf for JOSEPH AMICO
2025-06-26 06:58:07,867 - INFO - Processed: AMICO_JOSEPH_086262.pdf
2025-06-26 06:58:07,891 - INFO - Processing STFCS_2025-06-24_1750786992896.pdf for MARQUAN ANDERSON
2025-06-26 06:58:09,555 - INFO - Processed: ANDERSON_MARQUAN_800515.pdf
2025-06-26 06:58:09,581 - INFO - Processing STFCS_2025-06-24_1750787048954.pdf for BILAL ABDULLAH
2025-06-26 06:58:09,745 - INFO - Processed: ABDULLAH_BILAL_021440.pdf
2025-06-26 06:58:09,770 - INFO - Processing STFCS_2025-06-24_1750787120483.pdf for JOSE ALMANZAR
2025-06-26 06:58:10,615 - INFO - Processed: ALMANZAR_JOSE_823458.pdf
2025-06-26 06:58:10,638 - INFO - Processing STFCS_2025-06-24_1750787172645.pdf for JAYDEN ANGLETON
2025-06-26 06:58:12,546 - INFO - Processed: ANGLETON_JAYDEN_666952.pdf
2025-06-26 06:58:12,573 - INFO - Processing STFCS_2025-06-24_1750787227804.pdf for LUIS ARROYO
2025-06-26 06:58:14,771 - INFO - Processed: ARROYO_LUIS_340549.pdf
2025-06-26 06:58:14,795 - INFO - Processing STFCS_2025-06-24_1750787267396.pdf for TIMOTHY ALSTON
2025-06-26 06:58:15,915 - INFO - Processed: ALSTON_TIMOTHY_934718.pdf
2025-06-26 06:58:15,941 - INFO - Processing STFCS_2025-06-24_1750787305018.pdf for JAMAL ALSAYES
2025-06-26 06:58:16,836 - INFO - Processed: ALSAYES_JAMAL_101341.pdf
2025-06-26 06:58:16,857 - INFO - Processing STFCS_2025-06-24_1750787343672.pdf for AHMED ALI
2025-06-26 06:58:17,368 - INFO - Processed: ALI_AHMED_625890.pdf
2025-06-26 06:58:17,395 - INFO - Processing STFCS_2025-06-24_1750787393033.pdf for TREMAINE ALEXANDER
2025-06-26 06:58:17,627 - INFO - Processed: ALEXANDER_TREMAINE_241757.pdf
2025-06-26 06:58:17,656 - INFO - Processing STFCS_2025-06-24_1750787450352.pdf for TYSHAWN ALLEN
2025-06-26 06:58:18,428 - INFO - Processed: ALLEN_TYSHAWN_058834.pdf
2025-06-26 06:58:18,455 - INFO - Processing STFCS_2025-06-24_1750787507484.pdf for MICHAEL AMUSO
2025-06-26 06:58:19,955 - INFO - Processed: AMUSO_MICHAEL_224291.pdf
2025-06-26 06:58:19,982 - INFO - Processing STFCS_2025-06-24_1750787580136.pdf for JOHN APUZZIE
2025-06-26 06:58:21,950 - INFO - Processed: APUZZIE_JOHN_573223.pdf
2025-06-26 06:58:21,974 - INFO - Processing STFCS_2025-06-24_1750787620516.pdf for WILLIE ALEXANDER
2025-06-26 06:58:22,293 - INFO - Processed: ALEXANDER_WILLIE_673189.pdf
2025-06-26 06:58:22,322 - INFO - Processing STFCS_2025-06-24_1750787675856.pdf for STEVEN ALTRUZ
2025-06-26 06:58:23,542 - INFO - Processed: ALTRUZ_STEVEN_131947.pdf
2025-06-26 06:58:23,566 - INFO - Processing STFCS_2025-06-24_1750787750420.pdf for ARTHUR ALLEN
2025-06-26 06:58:24,175 - INFO - Processed: ALLEN_ARTHUR_026417.pdf
2025-06-26 06:58:24,196 - INFO - Processing STFCS_2025-06-24_1750787806801.pdf for CHRISTOPHER ASHTON
2025-06-26 06:58:26,356 - INFO - Processed: ASHTON_CHRISTOPHER_731129.pdf
2025-06-26 06:58:26,379 - INFO - Processing STFCS_2025-06-24_1750787850135.pdf for JONATHAN ALFONSO
2025-06-26 06:58:26,815 - INFO - Processed: ALFONSO_JONATHAN_575775.pdf
2025-06-26 06:58:26,840 - INFO - Processing STFCS_2025-06-24_1750787904306.pdf for CHARLES ANNIS
2025-06-26 06:58:28,651 - INFO - Processed: ANNIS_CHARLES_090453.pdf
2025-06-26 06:58:28,675 - INFO - Processing STFCS_2025-06-24_1750787940682.pdf for NUGENE AMBERS
2025-06-26 06:58:29,970 - INFO - Processed: AMBERS_NUGENE_641029.pdf
2025-06-26 06:58:29,995 - INFO - Processing STFCS_2025-06-24_1750787985759.pdf for KRYSTAL ALLEN
2025-06-26 06:58:30,623 - INFO - Processed: ALLEN_KRYSTAL_752687.pdf
2025-06-26 06:58:30,643 - INFO - Processing STFCS_2025-06-24_1750788049144.pdf for ADAN ALVAREZ
2025-06-26 06:58:31,942 - INFO - Processed: ALVAREZ_ADAN_133046.pdf
2025-06-26 06:58:31,942 - INFO - Processing subfolder: NorthCarolina.Company10.2022
2025-06-26 06:58:31,968 - INFO - Processing STFCS_2025-06-25_1750871697163.pdf for ERIC ALMONTE
2025-06-26 06:58:34,266 - WARNING - No matching W2 found for ERIC ALMONTE in NorthCarolina.Company1.2022.pdf
2025-06-26 06:58:34,293 - INFO - Processing STFCS_2025-06-25_1750871760617.pdf for MICHAEL ALLICK
2025-06-26 06:58:36,367 - WARNING - No matching W2 found for MICHAEL ALLICK in NorthCarolina.Company1.2022.pdf
2025-06-26 06:58:36,394 - INFO - Processing STFCS_2025-06-25_1750871819683.pdf for AHMED ALSHAMI
2025-06-26 06:58:38,609 - WARNING - No matching W2 found for AHMED ALSHAMI in NorthCarolina.Company1.2022.pdf
2025-06-26 06:58:38,636 - INFO - Processing STFCS_2025-06-25_1750871866860.pdf for JEFFREY ANDERSON
2025-06-26 06:58:40,979 - WARNING - No matching W2 found for JEFFREY ANDERSON in NorthCarolina.Company1.2022.pdf
2025-06-26 06:58:41,007 - INFO - Processing STFCS_2025-06-25_1750871913580.pdf for CHRISTOPHER ANDERSON
2025-06-26 06:58:43,217 - WARNING - No matching W2 found for CHRISTOPHER ANDERSON in NorthCarolina.Company1.2022.pdf
2025-06-26 06:58:43,242 - INFO - Processing STFCS_2025-06-25_1750871955643.pdf for JASON ANHORN
2025-06-26 06:58:45,507 - WARNING - No matching W2 found for JASON ANHORN in NorthCarolina.Company1.2022.pdf
2025-06-26 06:58:45,534 - INFO - Processing STFCS_2025-06-25_1750872012292.pdf for MAURICE ANTHONY
2025-06-26 06:58:47,715 - WARNING - No matching W2 found for MAURICE ANTHONY in NorthCarolina.Company1.2022.pdf
2025-06-26 06:58:47,742 - INFO - Processing STFCS_2025-06-25_1750872075007.pdf for FREDERICK ANTILL
2025-06-26 06:58:49,957 - WARNING - No matching W2 found for FREDERICK ANTILL in NorthCarolina.Company1.2022.pdf
2025-06-26 06:58:49,982 - INFO - Processing STFCS_2025-06-25_1750872130545.pdf for PETER AMMONDOLA
2025-06-26 06:58:52,154 - WARNING - No matching W2 found for PETER AMMONDOLA in NorthCarolina.Company1.2022.pdf
2025-06-26 06:58:52,180 - INFO - Processing STFCS_2025-06-25_1750872170577.pdf for DAYSHAWN ALLEN
2025-06-26 06:58:54,351 - WARNING - No matching W2 found for DAYSHAWN ALLEN in NorthCarolina.Company1.2022.pdf
2025-06-26 06:58:54,377 - INFO - Processing STFCS_2025-06-25_1750872295348.pdf for JOHN ANZALONE
2025-06-26 06:58:56,572 - WARNING - No matching W2 found for JOHN ANZALONE in NorthCarolina.Company1.2022.pdf
2025-06-26 06:58:56,595 - INFO - Processing STFCS_2025-06-25_1750872340975.pdf for CESAR ASCARRUNZ
2025-06-26 06:58:58,728 - WARNING - No matching W2 found for CESAR ASCARRUNZ in NorthCarolina.Company1.2022.pdf
2025-06-26 06:58:58,755 - INFO - Processing STFCS_2025-06-25_1750872401571.pdf for CHAD AMO
2025-06-26 06:59:00,971 - WARNING - No matching W2 found for CHAD AMO in NorthCarolina.Company1.2022.pdf
2025-06-26 06:59:00,998 - INFO - Processing STFCS_2025-06-25_1750872455545.pdf for DANIEL ANDRE
2025-06-26 06:59:03,158 - WARNING - No matching W2 found for DANIEL ANDRE in NorthCarolina.Company1.2022.pdf
2025-06-26 06:59:03,183 - INFO - Processing STFCS_2025-06-25_1750872500803.pdf for ANDY ANDREWS
2025-06-26 06:59:05,329 - WARNING - No matching W2 found for ANDY ANDREWS in NorthCarolina.Company1.2022.pdf
2025-06-26 06:59:05,355 - INFO - Processing STFCS_2025-06-25_1750872559113.pdf for DENNIS ALVES
2025-06-26 06:59:07,509 - WARNING - No matching W2 found for DENNIS ALVES in NorthCarolina.Company1.2022.pdf
2025-06-26 06:59:07,536 - INFO - Processing STFCS_2025-06-25_1750872638015.pdf for DAWOOD ALMAWRI
2025-06-26 06:59:09,723 - WARNING - No matching W2 found for DAWOOD ALMAWRI in NorthCarolina.Company1.2022.pdf
2025-06-26 06:59:09,746 - INFO - Processing STFCS_2025-06-25_1750872685820.pdf for JAJA ALA
2025-06-26 06:59:12,034 - WARNING - No matching W2 found for JAJA ALA in NorthCarolina.Company1.2022.pdf
2025-06-26 06:59:12,061 - INFO - Processing STFCS_2025-06-25_1750872729831.pdf for COREY ARTHUR
2025-06-26 06:59:14,739 - WARNING - No matching W2 found for COREY ARTHUR in NorthCarolina.Company1.2022.pdf
2025-06-26 06:59:14,767 - INFO - Processing STFCS_2025-06-25_1750872835670.pdf for TERRENCE ANTHONY
2025-06-26 06:59:17,440 - WARNING - No matching W2 found for TERRENCE ANTHONY in NorthCarolina.Company1.2022.pdf
2025-06-26 06:59:17,472 - INFO - Processing STFCS_2025-06-25_1750872891146.pdf for LAMAR ANDERSON
2025-06-26 06:59:20,026 - WARNING - No matching W2 found for LAMAR ANDERSON in NorthCarolina.Company1.2022.pdf
2025-06-26 06:59:20,055 - INFO - Processing STFCS_2025-06-25_1750872970961.pdf for RAFAEL ANDINO
2025-06-26 06:59:22,327 - WARNING - No matching W2 found for RAFAEL ANDINO in NorthCarolina.Company1.2022.pdf
2025-06-26 06:59:22,353 - INFO - Processing STFCS_2025-06-25_1750873391403.pdf for ANTHONY ANDREWS
2025-06-26 06:59:24,413 - WARNING - No matching W2 found for ANTHONY ANDREWS in NorthCarolina.Company1.2022.pdf
2025-06-26 06:59:24,433 - INFO - Processing STFCS_2025-06-25_1750873486899.pdf for DAMEAN ATKINS
2025-06-26 06:59:26,568 - WARNING - No matching W2 found for DAMEAN ATKINS in NorthCarolina.Company1.2022.pdf
2025-06-26 06:59:26,594 - INFO - Processing STFCS_2025-06-25_1750873543427.pdf for JEROME ASHBY
2025-06-26 06:59:28,747 - WARNING - No matching W2 found for JEROME ASHBY in NorthCarolina.Company1.2022.pdf
2025-06-26 06:59:28,773 - INFO - Processing STFCS_2025-06-25_1750873598686.pdf for AMIN ABDULLAH
2025-06-26 06:59:30,883 - WARNING - No matching W2 found for AMIN ABDULLAH in NorthCarolina.Company1.2022.pdf
2025-06-26 06:59:30,909 - INFO - Processing STFCS_2025-06-25_1750873648012.pdf for AMGAD ABDALLA
2025-06-26 06:59:32,983 - WARNING - No matching W2 found for AMGAD ABDALLA in NorthCarolina.Company1.2022.pdf
2025-06-26 06:59:33,008 - INFO - Processing STFCS_2025-06-25_1750873704370.pdf for CASEY ARTHUR
2025-06-26 06:59:35,159 - WARNING - No matching W2 found for CASEY ARTHUR in NorthCarolina.Company1.2022.pdf
2025-06-26 06:59:35,186 - INFO - Processing STFCS_2025-06-25_1750873746728.pdf for CHRISTOPHER ARSENAULT
2025-06-26 06:59:37,308 - WARNING - No matching W2 found for CHRISTOPHER ARSENAULT in NorthCarolina.Company1.2022.pdf
2025-06-26 06:59:37,331 - INFO - Processing STFCS_2025-06-25_1750873794270.pdf for GREGORY AMMONDS
2025-06-26 06:59:39,490 - WARNING - No matching W2 found for GREGORY AMMONDS in NorthCarolina.Company1.2022.pdf
2025-06-26 06:59:39,516 - INFO - Processing STFCS_2025-06-25_1750873858933.pdf for WILLIAM ALLEN
2025-06-26 06:59:42,082 - WARNING - No matching W2 found for WILLIAM ALLEN in NorthCarolina.Company1.2022.pdf
2025-06-26 06:59:42,083 - INFO - Processing subfolder: NorthCarolina.Company2.2022
2025-06-26 06:59:42,111 - INFO - Processing STFCS_2025-06-25_1750845545851.pdf for BRANDIN ANDERSON
2025-06-26 06:59:44,278 - WARNING - No matching W2 found for BRANDIN ANDERSON in NorthCarolina.Company1.2022.pdf
2025-06-26 06:59:44,303 - INFO - Processing STFCS_2025-06-25_1750845597529.pdf for CRAIG ANDERSON
2025-06-26 06:59:46,405 - WARNING - No matching W2 found for CRAIG ANDERSON in NorthCarolina.Company1.2022.pdf
2025-06-26 06:59:46,433 - INFO - Processing STFCS_2025-06-25_1750845647433.pdf for DENNIS ALEX-HART
2025-06-26 06:59:48,630 - WARNING - No matching W2 found for DENNIS ALEX-HART in NorthCarolina.Company1.2022.pdf
2025-06-26 06:59:48,654 - INFO - Processing STFCS_2025-06-25_1750845715692.pdf for EYAL AMRANI
2025-06-26 06:59:50,909 - WARNING - No matching W2 found for EYAL AMRANI in NorthCarolina.Company1.2022.pdf
2025-06-26 06:59:50,934 - INFO - Processing STFCS_2025-06-25_1750845790938.pdf for ALEJANDRO GUTIERREZ
2025-06-26 06:59:53,153 - WARNING - No matching W2 found for ALEJANDRO GUTIERREZ in NorthCarolina.Company1.2022.pdf
2025-06-26 06:59:53,177 - INFO - Processing STFCS_2025-06-25_1750845834827.pdf for MICHAEL ATKINS
2025-06-26 06:59:55,359 - WARNING - No matching W2 found for MICHAEL ATKINS in NorthCarolina.Company1.2022.pdf
2025-06-26 06:59:55,383 - INFO - Processing STFCS_2025-06-25_1750845883688.pdf for HECTOR ALVAREZ
2025-06-26 06:59:57,588 - WARNING - No matching W2 found for HECTOR ALVAREZ in NorthCarolina.Company1.2022.pdf
2025-06-26 06:59:57,614 - INFO - Processing STFCS_2025-06-25_1750846014100.pdf for ALFREDO APONTE
2025-06-26 06:59:59,862 - WARNING - No matching W2 found for ALFREDO APONTE in NorthCarolina.Company1.2022.pdf
2025-06-26 06:59:59,889 - INFO - Processing STFCS_2025-06-25_1750846082732.pdf for MATHEW ANDERSON
2025-06-26 07:00:02,256 - WARNING - No matching W2 found for MATHEW ANDERSON in NorthCarolina.Company1.2022.pdf
2025-06-26 07:00:02,279 - INFO - Processing STFCS_2025-06-25_1750846123297.pdf for WILLIAM ALEXANDER
2025-06-26 07:00:04,326 - WARNING - No matching W2 found for WILLIAM ALEXANDER in NorthCarolina.Company1.2022.pdf
2025-06-26 07:00:04,349 - INFO - Processing STFCS_2025-06-25_1750846173146.pdf for NELSON ALVAREZ
2025-06-26 07:00:06,657 - WARNING - No matching W2 found for NELSON ALVAREZ in NorthCarolina.Company1.2022.pdf
2025-06-26 07:00:06,682 - INFO - Processing STFCS_2025-06-25_1750846368713.pdf for DAVID ANDRE
2025-06-26 07:00:09,019 - WARNING - No matching W2 found for DAVID ANDRE in NorthCarolina.Company1.2022.pdf
2025-06-26 07:00:09,055 - INFO - Processing STFCS_2025-06-25_1750846479091.pdf for YERIX ALFARO
2025-06-26 07:00:11,551 - WARNING - No matching W2 found for YERIX ALFARO in NorthCarolina.Company1.2022.pdf
2025-06-26 07:00:11,579 - INFO - Processing STFCS_2025-06-25_1750846526951.pdf for CLARENCE ANDERSON
2025-06-26 07:00:13,887 - WARNING - No matching W2 found for CLARENCE ANDERSON in NorthCarolina.Company1.2022.pdf
2025-06-26 07:00:13,915 - INFO - Processing STFCS_2025-06-25_1750846584626.pdf for JUSTIN ARNOLD
2025-06-26 07:00:16,200 - WARNING - No matching W2 found for JUSTIN ARNOLD in NorthCarolina.Company1.2022.pdf
2025-06-26 07:00:16,227 - INFO - Processing STFCS_2025-06-25_1750846764935.pdf for NICHOLAS ANGELO
2025-06-26 07:00:18,626 - WARNING - No matching W2 found for NICHOLAS ANGELO in NorthCarolina.Company1.2022.pdf
2025-06-26 07:00:18,652 - INFO - Processing STFCS_2025-06-25_1750846803833.pdf for DAVID ASHBY
2025-06-26 07:00:21,012 - WARNING - No matching W2 found for DAVID ASHBY in NorthCarolina.Company1.2022.pdf
2025-06-26 07:00:21,039 - INFO - Processing STFCS_2025-06-25_1750846842519.pdf for YAQOOB ALGAHIM
2025-06-26 07:00:23,430 - WARNING - No matching W2 found for YAQOOB ALGAHIM in NorthCarolina.Company1.2022.pdf
2025-06-26 07:00:23,454 - INFO - Processing STFCS_2025-06-25_1750846880304.pdf for JOHN ANTHONY
2025-06-26 07:00:25,863 - WARNING - No matching W2 found for JOHN ANTHONY in NorthCarolina.Company1.2022.pdf
2025-06-26 07:00:25,891 - INFO - Processing STFCS_2025-06-25_1750846916615.pdf for DARION ALLS
2025-06-26 07:00:28,411 - WARNING - No matching W2 found for DARION ALLS in NorthCarolina.Company1.2022.pdf
2025-06-26 07:00:28,439 - INFO - Processing STFCS_2025-06-25_1750846955064.pdf for YAQIN ABDULLAH
2025-06-26 07:00:31,105 - WARNING - No matching W2 found for YAQIN ABDULLAH in NorthCarolina.Company1.2022.pdf
2025-06-26 07:00:31,136 - INFO - Processing STFCS_2025-06-25_1750846998177.pdf for NOAH ALESSI
2025-06-26 07:00:33,891 - WARNING - No matching W2 found for NOAH ALESSI in NorthCarolina.Company1.2022.pdf
2025-06-26 07:00:33,924 - INFO - Processing STFCS_2025-06-25_1750847065682.pdf for TERRY ABDULLAH
2025-06-26 07:00:36,411 - WARNING - No matching W2 found for TERRY ABDULLAH in NorthCarolina.Company1.2022.pdf
2025-06-26 07:00:36,438 - INFO - Processing STFCS_2025-06-25_1750847105399.pdf for BRYAN APONTE
2025-06-26 07:00:39,030 - WARNING - No matching W2 found for BRYAN APONTE in NorthCarolina.Company1.2022.pdf
2025-06-26 07:00:39,031 - INFO - Processing subfolder: NorthCarolina.Company3.2022
2025-06-26 07:00:39,062 - INFO - Processing STFCS_2025-06-25_1750847576929.pdf for JERECK ABRAMS
2025-06-26 07:00:41,482 - WARNING - No matching W2 found for JERECK ABRAMS in NorthCarolina.Company1.2022.pdf
2025-06-26 07:00:41,510 - INFO - Processing STFCS_2025-06-25_1750847638086.pdf for MATHEW ANGONA
2025-06-26 07:00:43,834 - WARNING - No matching W2 found for MATHEW ANGONA in NorthCarolina.Company1.2022.pdf
2025-06-26 07:00:43,863 - INFO - Processing STFCS_2025-06-25_1750847835916.pdf for EUGENE ASFOUR
2025-06-26 07:00:46,274 - WARNING - No matching W2 found for EUGENE ASFOUR in NorthCarolina.Company1.2022.pdf
2025-06-26 07:00:46,304 - INFO - Processing STFCS_2025-06-25_1750847890540.pdf for TRENTEN ARTERBERRY
2025-06-26 07:00:48,486 - WARNING - No matching W2 found for TRENTEN ARTERBERRY in NorthCarolina.Company1.2022.pdf
2025-06-26 07:00:48,514 - INFO - Processing STFCS_2025-06-25_1750848029340.pdf for JONATHAN AMIDON
2025-06-26 07:00:50,873 - WARNING - No matching W2 found for JONATHAN AMIDON in NorthCarolina.Company1.2022.pdf
2025-06-26 07:00:50,901 - INFO - Processing STFCS_2025-06-25_1750848527190.pdf for EDUARDO ALMONTE
2025-06-26 07:00:53,215 - WARNING - No matching W2 found for EDUARDO ALMONTE in NorthCarolina.Company1.2022.pdf
2025-06-26 07:00:53,237 - INFO - Processing STFCS_2025-06-25_1750848631404.pdf for RASHAD ALBERT-BROWN
2025-06-26 07:00:55,477 - WARNING - No matching W2 found for RASHAD ALBERT-BROWN in NorthCarolina.Company1.2022.pdf
2025-06-26 07:00:55,506 - INFO - Processing STFCS_2025-06-25_1750848726334.pdf for DEMEETREE ARTHUR
2025-06-26 07:00:57,961 - WARNING - No matching W2 found for DEMEETREE ARTHUR in NorthCarolina.Company1.2022.pdf
2025-06-26 07:00:57,989 - INFO - Processing STFCS_2025-06-25_1750848768028.pdf for MICHAEL AALIL
2025-06-26 07:01:00,301 - WARNING - No matching W2 found for MICHAEL AALIL in NorthCarolina.Company1.2022.pdf
2025-06-26 07:01:00,326 - INFO - Processing STFCS_2025-06-25_1750848844120.pdf for CARLOS ARZU
2025-06-26 07:01:02,532 - WARNING - No matching W2 found for CARLOS ARZU in NorthCarolina.Company1.2022.pdf
2025-06-26 07:01:02,559 - INFO - Processing STFCS_2025-06-25_1750848912155.pdf for DENYS ALMEIDA
2025-06-26 07:01:04,916 - WARNING - No matching W2 found for DENYS ALMEIDA in NorthCarolina.Company1.2022.pdf
2025-06-26 07:01:04,939 - INFO - Processing STFCS_2025-06-25_1750848949923.pdf for ADDISON ANDERSON
2025-06-26 07:01:07,339 - WARNING - No matching W2 found for ADDISON ANDERSON in NorthCarolina.Company1.2022.pdf
2025-06-26 07:01:07,365 - INFO - Processing STFCS_2025-06-25_1750848987074.pdf for KHAMANI ARTHUR
2025-06-26 07:01:09,905 - WARNING - No matching W2 found for KHAMANI ARTHUR in NorthCarolina.Company1.2022.pdf
2025-06-26 07:01:09,928 - INFO - Processing STFCS_2025-06-25_1750849028154.pdf for NICHOLAS ANALITIS
2025-06-26 07:01:12,697 - WARNING - No matching W2 found for NICHOLAS ANALITIS in NorthCarolina.Company1.2022.pdf
2025-06-26 07:01:12,725 - INFO - Processing STFCS_2025-06-25_1750853707000.pdf for SCOTT ANDREW
2025-06-26 07:01:15,402 - WARNING - No matching W2 found for SCOTT ANDREW in NorthCarolina.Company1.2022.pdf
2025-06-26 07:01:15,425 - INFO - Processing STFCS_2025-06-25_1750853759317.pdf for RUPERT ALBERGA
2025-06-26 07:01:17,999 - WARNING - No matching W2 found for RUPERT ALBERGA in NorthCarolina.Company1.2022.pdf
2025-06-26 07:01:18,027 - INFO - Processing STFCS_2025-06-25_1750853799339.pdf for OBDUL ANTHONY
2025-06-26 07:01:20,762 - WARNING - No matching W2 found for OBDUL ANTHONY in NorthCarolina.Company1.2022.pdf
2025-06-26 07:01:20,788 - INFO - Processing STFCS_2025-06-25_1750853845537.pdf for FELIX APONTE
2025-06-26 07:01:23,118 - WARNING - No matching W2 found for FELIX APONTE in NorthCarolina.Company1.2022.pdf
2025-06-26 07:01:23,141 - INFO - Processing STFCS_2025-06-25_1750853890010.pdf for DEANGELA ALLEN
2025-06-26 07:01:25,272 - WARNING - No matching W2 found for DEANGELA ALLEN in NorthCarolina.Company1.2022.pdf
2025-06-26 07:01:25,298 - INFO - Processing STFCS_2025-06-25_1750854027578.pdf for CHARLES ALSTON
2025-06-26 07:01:27,495 - WARNING - No matching W2 found for CHARLES ALSTON in NorthCarolina.Company1.2022.pdf
2025-06-26 07:01:27,522 - INFO - Processing STFCS_2025-06-25_1750854074635.pdf for TRAVIS ASKEW
2025-06-26 07:01:29,715 - WARNING - No matching W2 found for TRAVIS ASKEW in NorthCarolina.Company1.2022.pdf
2025-06-26 07:01:29,742 - INFO - Processing STFCS_2025-06-25_1750854123175.pdf for ERIC AMONTE
2025-06-26 07:01:31,960 - WARNING - No matching W2 found for ERIC AMONTE in NorthCarolina.Company1.2022.pdf
2025-06-26 07:01:31,987 - INFO - Processing STFCS_2025-06-25_1750854161218.pdf for BENJAMIN ANDERSON
2025-06-26 07:01:34,262 - WARNING - No matching W2 found for BENJAMIN ANDERSON in NorthCarolina.Company1.2022.pdf
2025-06-26 07:01:34,287 - INFO - Processing STFCS_2025-06-25_1750854197118.pdf for CHRISTIAN ANCRUM
2025-06-26 07:01:36,610 - WARNING - No matching W2 found for CHRISTIAN ANCRUM in NorthCarolina.Company1.2022.pdf
2025-06-26 07:01:36,610 - INFO - Processing subfolder: NorthCarolina.Company4.2022
2025-06-26 07:01:36,636 - INFO - Processing STFCS_2025-06-25_1750854693924.pdf for KIEN ANGUS
2025-06-26 07:01:38,857 - WARNING - No matching W2 found for KIEN ANGUS in NorthCarolina.Company1.2022.pdf
2025-06-26 07:01:38,882 - INFO - Processing STFCS_2025-06-25_1750854762729.pdf for JOSHUA ANGLE
2025-06-26 07:01:41,195 - WARNING - No matching W2 found for JOSHUA ANGLE in NorthCarolina.Company1.2022.pdf
2025-06-26 07:01:41,222 - INFO - Processing STFCS_2025-06-25_1750854985122.pdf for RICHARD AMORUSO
2025-06-26 07:01:43,473 - WARNING - No matching W2 found for RICHARD AMORUSO in NorthCarolina.Company1.2022.pdf
2025-06-26 07:01:43,501 - INFO - Processing STFCS_2025-06-25_1750855046227.pdf for JUSTIN ALLEN
2025-06-26 07:01:45,765 - WARNING - No matching W2 found for JUSTIN ALLEN in NorthCarolina.Company1.2022.pdf
2025-06-26 07:01:45,791 - INFO - Processing STFCS_2025-06-25_1750855099429.pdf for RAMON ALFONSO
